{"time": "2025-12-31T11:01:51.607529", "action": "create_folder", "path": "D:\\Company_Data\\ValExparimats\\nne"}
{"time": "2025-12-31T11:01:51.608530", "action": "create_folder", "path": "D:\\Company_Data\\ValExparimats\\nne\\tamplates"}
{"time": "2025-12-31T11:01:51.608530", "action": "create_folder", "path": "D:\\Company_Data\\ValExparimats\\nne\\static"}
{"time": "2025-12-31T11:01:51.609530", "action": "create_file", "path": "D:\\Company_Data\\ValExparimats\\nne\\main.py"}
{"time": "2025-12-31T11:01:51.609530", "action": "create_file", "path": "D:\\Company_Data\\ValExparimats\\nne\\tamplates\\index.html"}
{"time": "2025-12-31T11:01:51.610529", "action": "create_file", "path": "D:\\Company_Data\\ValExparimats\\nne\\static\\style.css"}
{"time": "2025-12-31T12:43:42.654716", "action": "create_folder", "path": "D:\\Company_Data\\ValidationAPI\\new"}
{"time": "2025-12-31T12:43:42.656224", "action": "create_folder", "path": "D:\\Company_Data\\ValidationAPI\\new\\flask_app"}
{"time": "2025-12-31T12:43:42.657234", "action": "create_folder", "path": "D:\\Company_Data\\ValidationAPI\\new\\flask_app\\app"}
{"time": "2025-12-31T12:43:42.657234", "action": "create_folder", "path": "D:\\Company_Data\\ValidationAPI\\new\\flask_app\\templates"}
{"time": "2025-12-31T12:43:42.658234", "action": "create_folder", "path": "D:\\Company_Data\\ValidationAPI\\new\\flask_app\\static"}
{"time": "2025-12-31T12:43:42.659246", "action": "create_folder", "path": "D:\\Company_Data\\ValidationAPI\\new\\flask_app\\config"}
{"time": "2025-12-31T12:43:42.659246", "action": "create_file", "path": "D:\\Company_Data\\ValidationAPI\\new\\flask_app\\README.md:# Flask App\n## Description"}
{"time": "2025-12-31T12:43:42.660241", "action": "create_file", "path": "D:\\Company_Data\\ValidationAPI\\new\\flask_app\\requirements.txt:Flask==2.0.1"}
{"time": "2025-12-31T12:43:42.661241", "action": "create_file", "path": "D:\\Company_Data\\ValidationAPI\\new\\flask_app\\app.py:from flask import Flask, render_template\n\napp = Flask(__name__)"}
{"time": "2025-12-31T12:43:42.662244", "action": "create_file", "path": "D:\\Company_Data\\ValidationAPI\\new\\flask_app\\config.py:import os\n\n-basedir = os.path.abspath(os.dirname(__file__))"}
{"time": "2025-12-31T12:43:42.663242", "action": "create_file", "path": "D:\\Company_Data\\ValidationAPI\\new\\flask_app\\app\\__init__.py:from flask import Flask, render_template\n\napp = Flask(__name__, template_folder='templates', static_folder='static')"}
{"time": "2025-12-31T12:50:02.843550", "action": "create_folder", "path": "D:\\Company_Data\\ValidationAPI\\new"}
{"time": "2025-12-31T12:50:02.843550", "action": "create_folder", "path": "D:\\Company_Data\\ValidationAPI\\new\\flask_app"}
{"time": "2025-12-31T12:50:02.844549", "action": "create_folder", "path": "D:\\Company_Data\\ValidationAPI\\new\\flask_app\\app"}
{"time": "2025-12-31T12:50:02.845548", "action": "create_folder", "path": "D:\\Company_Data\\ValidationAPI\\new\\flask_app\\static"}
{"time": "2025-12-31T12:50:02.845548", "action": "create_folder", "path": "D:\\Company_Data\\ValidationAPI\\new\\flask_app\\templates"}
{"time": "2025-12-31T12:50:02.847059", "action": "create_file", "path": "D:\\Company_Data\\ValidationAPI\\new\\{'path'"}
{"time": "2025-12-31T12:50:02.847059", "action": "create_file", "path": "D:\\Company_Data\\ValidationAPI\\new\\{'path'"}
{"time": "2025-12-31T12:50:02.848072", "action": "create_file", "path": "D:\\Company_Data\\ValidationAPI\\new\\{'path'"}
{"time": "2025-12-31T12:50:02.848072", "action": "create_file", "path": "D:\\Company_Data\\ValidationAPI\\new\\{'path'"}
{"time": "2025-12-31T12:50:02.848072", "action": "create_file", "path": "D:\\Company_Data\\ValidationAPI\\new\\{'path'"}
{"time": "2025-12-31T12:50:02.848072", "action": "create_file", "path": "D:\\Company_Data\\ValidationAPI\\new\\{'path'"}
{"time": "2025-12-31T12:50:02.849071", "action": "create_file", "path": "D:\\Company_Data\\ValidationAPI\\new\\{'path'"}
{"time": "2025-12-31T12:50:02.849071", "action": "create_file", "path": "D:\\Company_Data\\ValidationAPI\\new\\{'path'"}
{"time": "2025-12-31T12:50:02.849071", "action": "create_file", "path": "D:\\Company_Data\\ValidationAPI\\new\\{'path'"}
{"time": "2025-12-31T12:50:02.850071", "action": "create_file", "path": "D:\\Company_Data\\ValidationAPI\\new\\{'path'"}
{"time": "2025-12-31T12:50:02.850071", "action": "create_file", "path": "D:\\Company_Data\\ValidationAPI\\new\\{'path'"}
{"time": "2025-12-31T12:50:02.850071", "action": "create_file", "path": "D:\\Company_Data\\ValidationAPI\\new\\{'path'"}
{"time": "2025-12-31T12:50:02.851071", "action": "create_file", "path": "D:\\Company_Data\\ValidationAPI\\new\\{'path'"}
{"time": "2025-12-31T12:50:02.851071", "action": "create_file", "path": "D:\\Company_Data\\ValidationAPI\\new\\{'path'"}
{"time": "2025-12-31T13:00:52.224768", "action": "create_folder", "path": "D:\\Company_Data\\ValidationAPI\\new"}
{"time": "2025-12-31T13:00:52.225771", "action": "create_folder", "path": "D:\\Company_Data\\ValidationAPI\\new\\flask_app"}
{"time": "2025-12-31T13:00:52.226770", "action": "create_folder", "path": "D:\\Company_Data\\ValidationAPI\\new\\flask_app\\app"}
{"time": "2025-12-31T13:00:52.226770", "action": "create_folder", "path": "D:\\Company_Data\\ValidationAPI\\new\\flask_app\\static"}
{"time": "2025-12-31T13:00:52.227775", "action": "create_folder", "path": "D:\\Company_Data\\ValidationAPI\\new\\flask_app\\templates"}
{"time": "2025-12-31T13:00:52.228771", "action": "create_file", "path": "D:\\Company_Data\\ValidationAPI\\new\\{'path'"}
{"time": "2025-12-31T13:00:52.228771", "action": "create_file", "path": "D:\\Company_Data\\ValidationAPI\\new\\{'path'"}
{"time": "2025-12-31T13:00:52.228771", "action": "create_file", "path": "D:\\Company_Data\\ValidationAPI\\new\\{'path'"}
{"time": "2025-12-31T13:00:52.228771", "action": "create_file", "path": "D:\\Company_Data\\ValidationAPI\\new\\{'path'"}
{"time": "2025-12-31T13:00:52.229771", "action": "create_file", "path": "D:\\Company_Data\\ValidationAPI\\new\\{'path'"}
{"time": "2025-12-31T13:00:52.229771", "action": "create_file", "path": "D:\\Company_Data\\ValidationAPI\\new\\{'path'"}
{"time": "2025-12-31T13:00:52.229771", "action": "create_file", "path": "D:\\Company_Data\\ValidationAPI\\new\\{'path'"}
{"time": "2025-12-31T13:00:52.229771", "action": "create_file", "path": "D:\\Company_Data\\ValidationAPI\\new\\{'path'"}
{"time": "2025-12-31T13:00:52.230769", "action": "create_file", "path": "D:\\Company_Data\\ValidationAPI\\new\\{'path'"}
{"time": "2025-12-31T13:00:52.230769", "action": "create_file", "path": "D:\\Company_Data\\ValidationAPI\\new\\{'path'"}
{"time": "2025-12-31T13:00:52.230769", "action": "create_file", "path": "D:\\Company_Data\\ValidationAPI\\new\\{'path'"}
{"time": "2025-12-31T13:00:52.230769", "action": "create_file", "path": "D:\\Company_Data\\ValidationAPI\\new\\{'path'"}
{"time": "2025-12-31T13:00:52.230769", "action": "create_file", "path": "D:\\Company_Data\\ValidationAPI\\new\\{'path'"}
{"time": "2025-12-31T13:00:52.231770", "action": "create_file", "path": "D:\\Company_Data\\ValidationAPI\\new\\{'path'"}
{"time": "2025-12-31T13:00:52.231770", "action": "create_file", "path": "D:\\Company_Data\\ValidationAPI\\new\\{'path'"}
{"time": "2025-12-31T13:21:15.026926", "action": "create_folder", "path": "D:\\Company_Data\\ValidationAPI\\new"}
{"time": "2025-12-31T13:21:15.028001", "action": "create_folder", "path": "D:\\Company_Data\\ValidationAPI\\new\\flask_app"}
{"time": "2025-12-31T13:21:15.028001", "action": "create_folder", "path": "D:\\Company_Data\\ValidationAPI\\new\\flask_app\\app"}
{"time": "2025-12-31T13:21:15.029009", "action": "create_file", "path": "D:\\Company_Data\\ValidationAPI\\new\\README.md"}
{"time": "2025-12-31T13:21:15.030011", "action": "create_file", "path": "D:\\Company_Data\\ValidationAPI\\new\\flask_app\\app.py"}
{"time": "2025-12-31T13:21:15.031011", "action": "create_file", "path": "D:\\Company_Data\\ValidationAPI\\new\\flask_app\\requirements.txt"}
{"time": "2025-12-31T13:21:15.033011", "action": "create_file", "path": "D:\\Company_Data\\ValidationAPI\\new\\flask_app\\config.py"}
{"time": "2025-12-31T13:21:15.034521", "action": "create_file", "path": "D:\\Company_Data\\ValidationAPI\\new\\flask_app\\app\\__init__.py"}
{"time": "2025-12-31T13:21:15.035534", "action": "create_file", "path": "D:\\Company_Data\\ValidationAPI\\new\\flask_app\\app\\models\\__init__.py"}
{"time": "2025-12-31T13:21:15.036530", "action": "create_file", "path": "D:\\Company_Data\\ValidationAPI\\new\\flask_app\\app\\models\\user.py"}
{"time": "2025-12-31T13:21:15.038544", "action": "create_file", "path": "D:\\Company_Data\\ValidationAPI\\new\\flask_app\\app\\routes\\__init__.py"}
{"time": "2025-12-31T13:21:15.039539", "action": "create_file", "path": "D:\\Company_Data\\ValidationAPI\\new\\flask_app\\app\\routes\\auth.py"}
{"time": "2025-12-31T13:21:15.040539", "action": "create_file", "path": "D:\\Company_Data\\ValidationAPI\\new\\flask_app\\app\\services\\__init__.py"}
{"time": "2025-12-31T13:21:15.041540", "action": "create_file", "path": "D:\\Company_Data\\ValidationAPI\\new\\flask_app\\app\\services\\user_service.py"}
{"time": "2025-12-31T13:21:15.042539", "action": "create_file", "path": "D:\\Company_Data\\ValidationAPI\\new\\flask_app\\templates\\index.html"}
{"time": "2025-12-31T13:21:15.044738", "action": "create_file", "path": "D:\\Company_Data\\ValidationAPI\\new\\flask_app\\static\\css\\style.css"}
{"time": "2025-12-31T13:21:15.045747", "action": "create_file", "path": "D:\\Company_Data\\ValidationAPI\\new\\flask_app\\static\\js\\main.js"}
{"time": "2025-12-31T13:46:06.327738", "action": "create_folder", "path": "D:\\Company_Data\\ValidationAPI\\new2"}
{"time": "2025-12-31T13:46:06.327738", "action": "create_folder", "path": "D:\\Company_Data\\ValidationAPI\\new2\\lib"}
{"time": "2025-12-31T13:46:06.329245", "action": "create_folder", "path": "D:\\Company_Data\\ValidationAPI\\new2\\lib\\screens"}
{"time": "2025-12-31T13:46:06.330253", "action": "create_folder", "path": "D:\\Company_Data\\ValidationAPI\\new2\\lib\\widgets"}
{"time": "2025-12-31T13:46:06.331254", "action": "create_folder", "path": "D:\\Company_Data\\ValidationAPI\\new2\\lib\\services"}
{"time": "2025-12-31T13:46:06.332251", "action": "create_folder", "path": "D:\\Company_Data\\ValidationAPI\\new2\\lib\\models"}
{"time": "2025-12-31T13:46:06.333255", "action": "create_folder", "path": "D:\\Company_Data\\ValidationAPI\\new2\\assets\\images"}
{"time": "2025-12-31T13:46:06.333255", "action": "create_folder", "path": "D:\\Company_Data\\ValidationAPI\\new2\\assets\\icons"}
{"time": "2025-12-31T13:46:06.334254", "action": "create_folder", "path": "D:\\Company_Data\\ValidationAPI\\new2\\test"}
{"time": "2025-12-31T13:46:06.335255", "action": "create_file", "path": "D:\\Company_Data\\ValidationAPI\\new2\\pubspec.yaml"}
{"time": "2025-12-31T13:46:06.336255", "action": "create_file", "path": "D:\\Company_Data\\ValidationAPI\\new2\\README.md"}
{"time": "2025-12-31T13:46:06.337250", "action": "create_file", "path": "D:\\Company_Data\\ValidationAPI\\new2\\lib\\main.dart"}
{"time": "2025-12-31T14:04:51.876244", "action": "create_folder", "path": "D:\\Company_Data\\ValidationAPI\\new"}
{"time": "2025-12-31T14:04:51.878256", "action": "create_folder", "path": "D:\\Company_Data\\ValidationAPI\\new\\\"folders\": [\"flutter_app\", \"flutter_app\\assets\", \"flutter_app\\lib\", \"flutter_app\\test\"],"}
{"time": "2025-12-31T14:04:51.878256", "action": "create_folder", "path": "D:\\Company_Data\\ValidationAPI\\new\\{\"path\": \"flutter_app\\assets\\images\\\", \"content\": \"\"},"}
{"time": "2025-12-31T14:04:51.879258", "action": "create_folder", "path": "D:\\Company_Data\\ValidationAPI\\new\\{\"path\": \"flutter_app\\assets\\icons\\\", \"content\": \"\"},"}
{"time": "2025-12-31T14:04:51.879258", "action": "create_file", "path": "D:\\Company_Data\\ValidationAPI\\new\\{\"path\": \"flutter_app\\pubspec.yaml\", \"content\": \"\"},"}
{"time": "2025-12-31T14:04:51.880253", "action": "create_file", "path": "D:\\Company_Data\\ValidationAPI\\new\\{\"path\": \"flutter_app\\README.md\", \"content\": \"\"},"}
{"time": "2025-12-31T14:04:51.880253", "action": "create_file", "path": "D:\\Company_Data\\ValidationAPI\\new\\{\"path\": \"flutter_app\\lib\\main.dart\", \"content\": \"\"},"}
{"time": "2025-12-31T14:04:51.881252", "action": "create_file", "path": "D:\\Company_Data\\ValidationAPI\\new\\{\"path\": \"flutter_app\\lib\\app.dart\", \"content\": \"\"},"}
{"time": "2025-12-31T14:04:51.881252", "action": "create_file", "path": "D:\\Company_Data\\ValidationAPI\\new\\{\"path\": \"flutter_app\\lib\\screens\\login_screen.dart\", \"content\": \"\"},"}
{"time": "2025-12-31T14:04:51.882252", "action": "create_file", "path": "D:\\Company_Data\\ValidationAPI\\new\\{\"path\": \"flutter_app\\lib\\screens\\home_screen.dart\", \"content\": \"\"},"}
{"time": "2025-12-31T14:04:51.882252", "action": "create_file", "path": "D:\\Company_Data\\ValidationAPI\\new\\{\"path\": \"flutter_app\\lib\\widgets\\custom\\_button.dart\", \"content\": \"\"},"}
{"time": "2025-12-31T14:04:51.883253", "action": "create_file", "path": "D:\\Company_Data\\ValidationAPI\\new\\{\"path\": \"flutter_app\\lib\\services\\api\\_service.dart\", \"content\": \"\"},"}
{"time": "2025-12-31T14:04:51.884268", "action": "create_file", "path": "D:\\Company_Data\\ValidationAPI\\new\\{\"path\": \"flutter_app\\lib\\models\\user.dart\", \"content\": \"\"},"}
{"time": "2025-12-31T14:04:51.884268", "action": "create_file", "path": "D:\\Company_Data\\ValidationAPI\\new\\{\"path\": \"flutter_app\\test\\widget\\_test.dart\", \"content\": \"\"}"}
{"time": "2025-12-31T14:06:56.783051", "action": "create_folder", "path": "D:\\Company_Data\\ValidationAPI\\new"}
{"time": "2025-12-31T14:06:56.784050", "action": "create_folder", "path": "D:\\Company_Data\\ValidationAPI\\new\\flutter_app\\lib"}
{"time": "2025-12-31T14:06:56.784050", "action": "create_file", "path": "D:\\Company_Data\\ValidationAPI\\new\\flutter_app\\pubspec.yaml"}
{"time": "2025-12-31T14:06:56.785530", "action": "create_file", "path": "D:\\Company_Data\\ValidationAPI\\new\\flutter_app\\README.md"}
{"time": "2025-12-31T14:06:56.785530", "action": "create_file", "path": "D:\\Company_Data\\ValidationAPI\\new\\flutter_app\\lib\\main.dart"}
{"time": "2025-12-31T14:06:56.786535", "action": "create_file", "path": "D:\\Company_Data\\ValidationAPI\\new\\flutter_app\\lib\\app.dart"}
{"time": "2025-12-31T14:06:56.787544", "action": "create_file", "path": "D:\\Company_Data\\ValidationAPI\\new\\flutter_app\\lib\\screens\\login_screen.dart"}
{"time": "2025-12-31T14:06:56.788553", "action": "create_file", "path": "D:\\Company_Data\\ValidationAPI\\new\\flutter_app\\lib\\screens\\home_screen.dart"}
{"time": "2025-12-31T14:06:56.789551", "action": "create_file", "path": "D:\\Company_Data\\ValidationAPI\\new\\flutter_app\\lib\\widgets\\custom_button.dart"}
{"time": "2025-12-31T14:06:56.790551", "action": "create_file", "path": "D:\\Company_Data\\ValidationAPI\\new\\flutter_app\\lib\\services\\api_service.dart"}
{"time": "2025-12-31T14:06:56.790551", "action": "create_file", "path": "D:\\Company_Data\\ValidationAPI\\new\\flutter_app\\lib\\models\\user.dart"}
{"time": "2025-12-31T14:06:56.791553", "action": "create_file", "path": "D:\\Company_Data\\ValidationAPI\\new\\flutter_app\\assets\\images"}
{"time": "2025-12-31T14:06:56.792555", "action": "create_file", "path": "D:\\Company_Data\\ValidationAPI\\new\\flutter_app\\assets\\icons"}
{"time": "2025-12-31T14:06:56.792555", "action": "create_file", "path": "D:\\Company_Data\\ValidationAPI\\new\\flutter_app\\test\\widget_test.dart"}
{"time": "2025-12-31T14:09:14.865272", "action": "create_folder", "path": "D:\\Company_Data\\ValExparimats\\new1"}
{"time": "2025-12-31T14:09:14.865272", "action": "create_folder", "path": "D:\\Company_Data\\ValExparimats\\new1\\node_app"}
{"time": "2025-12-31T14:09:14.866274", "action": "create_folder", "path": "D:\\Company_Data\\ValExparimats\\new1\\node_app\\src"}
{"time": "2025-12-31T14:09:14.867034", "action": "create_folder", "path": "D:\\Company_Data\\ValExparimats\\new1\\node_app\\src\\controllers"}
{"time": "2025-12-31T14:09:14.867034", "action": "create_folder", "path": "D:\\Company_Data\\ValExparimats\\new1\\node_app\\src\\models"}
{"time": "2025-12-31T14:09:14.867034", "action": "create_folder", "path": "D:\\Company_Data\\ValExparimats\\new1\\node_app\\src\\middleware"}
{"time": "2025-12-31T14:09:14.868042", "action": "create_folder", "path": "D:\\Company_Data\\ValExparimats\\new1\\node_app\\public"}
{"time": "2025-12-31T14:09:14.868042", "action": "create_folder", "path": "D:\\Company_Data\\ValExparimats\\new1\\node_app\\tests"}
{"time": "2025-12-31T14:09:14.869550", "action": "create_file", "path": "D:\\Company_Data\\ValExparimats\\new1\\node_app\\package.json"}
{"time": "2025-12-31T14:09:14.869550", "action": "create_file", "path": "D:\\Company_Data\\ValExparimats\\new1\\node_app\\package-lock.json"}
{"time": "2025-12-31T14:09:14.870559", "action": "create_file", "path": "D:\\Company_Data\\ValExparimats\\new1\\node_app\\server.js"}
{"time": "2025-12-31T14:09:14.871559", "action": "create_file", "path": "D:\\Company_Data\\ValExparimats\\new1\\node_app\\.env"}
{"time": "2025-12-31T14:09:14.872558", "action": "create_file", "path": "D:\\Company_Data\\ValExparimats\\new1\\node_app\\src\\app.js"}
{"time": "2025-12-31T14:09:14.873559", "action": "create_file", "path": "D:\\Company_Data\\ValExparimats\\new1\\node_app\\src\\routes\\auth.routes.js"}
{"time": "2025-12-31T14:09:14.873559", "action": "create_file", "path": "D:\\Company_Data\\ValExparimats\\new1\\node_app\\src\\controllers\\auth.controller.js"}
{"time": "2025-12-31T14:09:14.874560", "action": "create_file", "path": "D:\\Company_Data\\ValExparimats\\new1\\node_app\\src\\services\\auth.service.js"}
{"time": "2025-12-31T14:09:14.875596", "action": "create_file", "path": "D:\\Company_Data\\ValExparimats\\new1\\node_app\\src\\models\\user.model.js"}
{"time": "2025-12-31T14:09:14.876596", "action": "create_file", "path": "D:\\Company_Data\\ValExparimats\\new1\\node_app\\src\\middleware\\auth.middleware.js"}
{"time": "2025-12-31T14:09:14.877598", "action": "create_file", "path": "D:\\Company_Data\\ValExparimats\\new1\\node_app\\public\\index.html"}
{"time": "2025-12-31T14:09:14.877598", "action": "create_file", "path": "D:\\Company_Data\\ValExparimats\\new1\\node_app\\tests\\auth.test.js"}
