2026-01-01 15:28:30,105 INFO VAL enhanced daemon started
2026-01-01 15:30:36,719 INFO Voice command: create new folder as new
2026-01-01 15:30:53,707 INFO Extracted intent: {'intent': 'create_folder', 'name': 'new', '_memory': {'has_context': True, 'last_project': None, 'session_state': 'idle'}}
2026-01-01 15:30:53,707 INFO State transition: idle -> listening
2026-01-01 15:31:18,404 INFO Voice command: creating new coal burning inside the directly as that evidence
2026-01-01 15:31:22,925 INFO Extracted intent: {'intent': 'create_file', 'name': 'coal_burning', 'path': './evidence/', '_memory': {'has_context': True, 'last_project': None, 'session_state': 'listening'}}
2026-01-01 15:31:22,925 INFO State transition: listening -> thinking
2026-01-01 15:31:23,016 INFO State transition: thinking -> executing
2026-01-01 15:31:23,211 INFO State transition: executing -> idle
2026-01-01 15:31:57,104 INFO Daemon stopped by user (KeyboardInterrupt)
2026-01-01 15:32:34,234 INFO VAL enhanced daemon started
2026-01-01 15:32:58,271 INFO Voice command: preview for the same seat eric me as if you start with oh no
2026-01-01 15:33:10,644 INFO Extracted intent: {'intent': 'run_project'}
2026-01-01 15:33:10,644 INFO State transition: idle -> listening
2026-01-01 15:33:30,144 INFO State transition: listening -> idle
2026-01-01 15:34:25,166 INFO Voice command: greed new folder insane see david pleat named as robbie
2026-01-01 15:34:30,859 INFO Extracted intent: {'intent': None, 'raw': 'greed new folder insane see david pleat named as robbie', 'requires_confirmation': False}
2026-01-01 15:34:30,859 INFO State transition: idle -> listening
2026-01-01 15:35:55,378 INFO Voice command: hey will stop stop
2026-01-01 15:35:55,380 INFO Extracted intent: {'intent': 'stop'}
2026-01-01 15:35:55,381 INFO State transition: listening -> thinking
2026-01-01 15:35:55,547 INFO State transition: thinking -> executing
2026-01-01 15:35:55,736 INFO Daemon stopped by voice command
2026-01-03 11:54:15,147 INFO VAL enhanced daemon started
2026-01-03 11:54:36,371 INFO Voice command: oh hello oh our to create a new folder it's a the directory
2026-01-03 11:54:58,557 INFO Extracted intent: {'intent': 'create_folder', 'path': 'the/directory', 'confidence': 0.9, '_memory': {'has_context': True, 'last_project': None, 'session_state': 'idle'}}
2026-01-03 11:54:58,558 INFO State transition: idle -> listening
2026-01-03 11:55:38,619 INFO Voice command: create new folder they the dutch
2026-01-03 11:55:42,159 INFO Extracted intent: {'intent': 'create_folder', 'path': './the_dutch', 'confidence': 0.9, '_memory': {'has_context': True, 'last_project': None, 'session_state': 'listening'}}
2026-01-03 11:55:42,159 INFO State transition: listening -> thinking
2026-01-03 11:55:42,242 INFO State transition: thinking -> executing
2026-01-03 11:55:42,398 ERROR Error in enhanced daemon loop
Traceback (most recent call last):
  File "D:\Company_Data\val\daemon\service.py", line 265, in run
    workflow_result = after_intent_execution(intent_to_execute, {"path": SESSION.get("last_project", {}).get("path", ""), "scope": "global"})
AttributeError: 'NoneType' object has no attribute 'get'
2026-01-03 11:55:42,476 INFO State transition: executing -> idle
2026-01-03 11:58:39,530 INFO Daemon stopped by user (KeyboardInterrupt)
2026-01-03 11:59:35,416 INFO Raj enhanced daemon started
2026-01-03 11:59:59,658 INFO Voice command: create new folder
2026-01-03 12:00:02,679 INFO Extracted intent: {'intent': 'create_folder', 'path': './new_folder', 'confidence': 0.9, '_memory': {'has_context': True, 'last_project': None, 'session_state': 'idle'}}
2026-01-03 12:00:02,679 INFO State transition: idle -> listening
2026-01-03 12:01:56,725 INFO State transition: listening -> idle
2026-01-03 12:02:13,208 INFO Daemon stopped by user (KeyboardInterrupt)
2026-01-03 12:02:27,316 INFO Raj enhanced daemon started
2026-01-03 12:03:22,337 INFO Voice command: great new folder in said see directly eggs good
2026-01-03 12:03:26,696 INFO Extracted intent: {'intent': 'create_folder', 'path': 'said/see/directly', 'name': 'eggs', 'confidence': 0.9, '_memory': {'has_context': True, 'last_project': None, 'session_state': 'idle'}}
2026-01-03 12:03:26,696 INFO State transition: idle -> listening
2026-01-03 12:03:43,423 INFO Voice command: right great new folder inside see that it
2026-01-03 12:03:46,917 INFO Extracted intent: {'intent': 'create_folder', 'location': '/see', 'path': './see', 'confidence': 0.9, '_memory': {'has_context': True, 'last_project': None, 'session_state': 'listening'}}
2026-01-03 12:03:46,917 INFO State transition: listening -> thinking
2026-01-03 12:03:47,084 INFO State transition: thinking -> executing
2026-01-03 12:03:47,275 ERROR Error in enhanced daemon loop
Traceback (most recent call last):
  File "D:\Company_Data\val\daemon\service.py", line 265, in run
    workflow_result = after_intent_execution(intent_to_execute, {"path": SESSION.get("last_project", {}).get("path", ""), "scope": "global"})
AttributeError: 'NoneType' object has no attribute 'get'
2026-01-03 12:03:47,367 INFO State transition: executing -> idle
2026-01-03 12:06:24,176 INFO Voice command: hit the new per day
2026-01-03 12:06:27,766 INFO Extracted intent: {'intent': 'recall', 'parameters': {'key': 'new_daily_topic'}, 'confidence': 0.95, '_memory': {'has_context': True, 'last_project': None, 'session_state': 'idle'}}
2026-01-03 12:06:27,766 INFO State transition: idle -> listening
2026-01-03 12:08:36,209 INFO State transition: listening -> idle
2026-01-03 12:08:37,578 INFO Daemon stopped by user (KeyboardInterrupt)
2026-01-03 12:08:44,377 INFO Raj enhanced daemon started
2026-01-03 12:08:53,553 INFO Voice command: create new folder
2026-01-03 12:08:56,826 INFO Extracted intent: {'intent': None, 'action': 'create_folder', 'path': './new_folder', 'confidence': 0.8}
2026-01-03 12:08:56,827 INFO State transition: idle -> listening
2026-01-03 12:09:40,490 INFO Voice command: greed oh flask project
2026-01-03 12:09:48,024 INFO Extracted intent: {'intent': 'create_flask_project', 'name': 'flask_project', 'requires_confirmation': False, 'confidence': 0.8}
2026-01-03 12:09:48,024 INFO State transition: listening -> thinking
2026-01-03 12:09:48,183 INFO State transition: thinking -> executing
2026-01-03 12:09:48,291 ERROR Error in enhanced daemon loop
Traceback (most recent call last):
  File "D:\Company_Data\val\daemon\service.py", line 242, in run
    result = route(intent_to_execute, memory)
  File "D:\Company_Data\val\engine\intent_router.py", line 284, in route
    memory_instance.remember_project(name, str(project), project_type, blueprint)
  File "D:\Company_Data\val\core\memory.py", line 232, in remember_project
    self.conn.execute("""
sqlite3.OperationalError: ON CONFLICT clause does not match any PRIMARY KEY or UNIQUE constraint
2026-01-03 12:09:48,397 INFO State transition: executing -> idle
2026-01-03 12:11:01,693 INFO Voice command: create a to do is exit
2026-01-03 12:11:08,371 INFO Extracted intent: {'intent': None, 'raw': 'create a to do is exit', 'requires_confirmation': False, 'confidence': 0.5}
2026-01-03 12:11:08,371 INFO State transition: idle -> listening
2026-01-03 12:11:17,275 INFO Voice command: i do
2026-01-03 12:11:19,006 INFO Extracted intent: {'intent': 'help', 'confidence': 0.9, '_memory': {'has_context': True, 'last_project': None, 'session_state': 'listening'}}
2026-01-03 12:11:19,006 INFO State transition: listening -> thinking
2026-01-03 12:11:19,180 INFO State transition: thinking -> executing
2026-01-03 12:11:19,367 ERROR Error in enhanced daemon loop
Traceback (most recent call last):
  File "D:\Company_Data\val\daemon\service.py", line 265, in run
    workflow_result = after_intent_execution(intent_to_execute, {"path": SESSION.get("last_project", {}).get("path", ""), "scope": "global"})
AttributeError: 'NoneType' object has no attribute 'get'
2026-01-03 12:11:19,462 INFO State transition: executing -> idle
2026-01-03 12:11:38,317 INFO Voice command: i do previous action
2026-01-03 12:11:40,581 INFO Extracted intent: {'intent': 'repeat_last_workflow', 'confidence': 0.9, '_memory': {'has_context': True, 'last_project': None, 'session_state': 'idle'}}
2026-01-03 12:11:40,581 INFO State transition: idle -> listening
2026-01-03 12:11:48,280 INFO State transition: listening -> idle
2026-01-03 12:13:49,774 INFO Daemon stopped by user (KeyboardInterrupt)
2026-01-03 12:14:02,962 INFO Raj enhanced daemon started
2026-01-03 12:14:17,555 INFO Voice command: grid a do previous a folder
2026-01-03 12:14:21,198 INFO Extracted intent: {'intent': 'recall', 'parameters': {'key': 'last_action'}, 'confidence': 0.95, '_memory': {'has_context': True, 'last_project': None, 'session_state': 'idle'}}
2026-01-03 12:14:21,198 INFO State transition: idle -> listening
2026-01-03 12:14:28,577 INFO Voice command: delete flask or does go
2026-01-03 12:14:31,543 INFO Extracted intent: {'intent': 'delete_folder', 'path': './flask', 'confidence': 0.9, '_memory': {'has_context': True, 'last_project': None, 'session_state': 'listening'}}
2026-01-03 12:14:31,543 INFO State transition: listening -> thinking
2026-01-03 12:14:31,626 INFO State transition: thinking -> confirming
2026-01-03 12:14:47,263 INFO State transition: confirming -> idle
2026-01-03 12:15:06,671 INFO Voice command: the lead david flask underscore project folder
2026-01-03 12:15:12,014 INFO Extracted intent: {'intent': 'create_flask_project', 'name': 'flask_project', 'requires_confirmation': False, 'confidence': 0.8}
2026-01-03 12:15:12,014 INFO State transition: idle -> listening
2026-01-03 12:19:54,032 INFO Voice command: stop
2026-01-03 12:19:54,032 INFO Extracted intent: {'response': 'cancel', 'confidence': 0.9}
2026-01-03 12:19:54,032 INFO State transition: listening -> thinking
2026-01-03 12:19:54,204 INFO State transition: thinking -> executing
2026-01-03 12:19:54,399 ERROR Error in enhanced daemon loop
Traceback (most recent call last):
  File "D:\Company_Data\val\daemon\service.py", line 265, in run
    workflow_result = after_intent_execution(intent_to_execute, {"path": SESSION.get("last_project", {}).get("path", ""), "scope": "global"})
AttributeError: 'NoneType' object has no attribute 'get'
2026-01-03 12:19:54,498 INFO State transition: executing -> idle
2026-01-03 12:20:14,994 INFO Voice command: stop exit
2026-01-03 12:20:14,998 INFO Extracted intent: {'intent': 'stop', 'confidence': 0.9}
2026-01-03 12:20:14,998 INFO State transition: idle -> listening
2026-01-03 12:20:26,262 INFO Voice command: exit
2026-01-03 12:20:43,557 INFO Extracted intent: {'intent': 'stop', 'confidence': 0.9, '_memory': {'has_context': True, 'last_project': None, 'session_state': 'listening'}}
2026-01-03 12:20:43,557 INFO State transition: listening -> thinking
2026-01-03 12:20:43,637 INFO State transition: thinking -> executing
2026-01-03 12:20:43,810 INFO Daemon stopped by voice command
